1011045 0.000971
2352917 0.001942
2620202 0.002913
2791716 0.003883
3508245 0.004854
3731636 0.005825
4697984 0.006796
4701711 0.007767
5079072 0.008738
5092494 0.009709
5169720 0.010680
5194445 0.011650
5214835 0.012621
5221092 0.013592
5258502 0.014563
5271812 0.015534
5279570 0.016505
5325216 0.017476
5346001 0.018447
5346312 0.019417
5348085 0.020388
5351283 0.021359
5364214 0.022330
5400541 0.023301
5415961 0.024272
5436753 0.025243
5466240 0.026214
5466471 0.027184
5476389 0.028155
5479605 0.029126
5486328 0.030097
5503727 0.031068
5522798 0.032039
5529448 0.033010
5539456 0.033981
5549989 0.034951
5550453 0.035922
5556110 0.036893
5560202 0.037864
5562780 0.038835
5566116 0.039806
5569453 0.040777
5574308 0.041748
5576612 0.042718
5579470 0.043689
5586153 0.044660
5592840 0.045631
5602878 0.046602
5608461 0.047573
5617591 0.048544
5622980 0.049515
5625640 0.050485
5629133 0.051456
5639761 0.052427
5649308 0.053398
5656015 0.054369
5693619 0.055340
5695570 0.056311
5701748 0.057282
5720652 0.058252
5721144 0.059223
5751135 0.060194
5778300 0.061165
5781010 0.062136
5791906 0.063107
5802303 0.064078
5802632 0.065049
5803723 0.066019
5811442 0.066990
5815754 0.067961
5833344 0.068932
5838388 0.069903
5845384 0.070874
5853331 0.071845
5854371 0.072816
5883585 0.073786
5889420 0.074757
5906717 0.075728
5908167 0.076699
5910748 0.077670
5912995 0.078641
5925403 0.079612
5951613 0.080583
5956426 0.081553
5974890 0.082524
5980733 0.083495
5994453 0.084466
6022185 0.085437
6046488 0.086408
6113756 0.087379
6128221 0.088350
6130251 0.089320
6163110 0.090291
6165316 0.091262
6172341 0.092233
6175855 0.093204
6176509 0.094175
6179367 0.095146
6179370 0.096117
6219426 0.097087
6228299 0.098058
6242635 0.099029
6249232 0.100000
6249342 0.100971
6253416 0.101942
6328703 0.102913
6332743 0.103883
6335020 0.104854
6339387 0.105825
6352830 0.106796
6353802 0.107767
6357075 0.108738
6416409 0.109709
6417108 0.110680
6482519 0.111650
6502842 0.112621
6506211 0.113592
6519209 0.114563
6529571 0.115534
6540813 0.116505
6546771 0.117476
6553974 0.118447
6575751 0.119417
6593896 0.120388
6600865 0.121359
6600924 0.122330
6630961 0.123301
6635434 0.124272
6655039 0.125243
6660311 0.126214
6688650 0.127184
6714280 0.128155
6731332 0.129126
6734515 0.130097
6742207 0.131068
6743627 0.132039
6769360 0.133010
6776089 0.133981
6780627 0.134951
6784086 0.135922
6791454 0.136893
6791485 0.137864
6812509 0.138835
6826546 0.139806
6849141 0.140777
6872778 0.141748
6875180 0.142718
6906186 0.143689
6949957 0.144660
6974499 0.145631
6991930 0.146602
7002538 0.147573
7003113 0.148544
7024031 0.149515
7036135 0.150485
7069627 0.151456
7074441 0.152427
7115031 0.153398
7127199 0.154369
7130070 0.155340
7179227 0.156311
7206623 0.157282
7245536 0.158252
7261887 0.159223
7267578 0.160194
7290416 0.161165
7374768 0.162136
7408197 0.163107
7413175 0.164078
7424731 0.165049
7460048 0.166019
7473675 0.166990
7486515 0.167961
7525257 0.168932
7559324 0.169903
7578175 0.170874
7585086 0.171845
7608724 0.172816
7615770 0.173786
7665570 0.174757
7680015 0.175728
7703600 0.176699
7704179 0.177670
7710081 0.178641
7727567 0.179612
7732339 0.180583
7779114 0.181553
7791378 0.182524
7799845 0.183495
7806307 0.184466
7815080 0.185437
7816383 0.186408
7817254 0.187379
7819034 0.188350
7819224 0.189320
7848205 0.190291
7856573 0.191262
7862595 0.192233
7873702 0.193204
7882765 0.194175
7925460 0.195146
7929002 0.196117
7932142 0.197087
7970902 0.198058
8005991 0.199029
8010003 0.200000
8041695 0.200971
8057737 0.201942
8058960 0.202913
8062120 0.203883
8102389 0.204854
8110666 0.205825
8150184 0.206796
8163602 0.207767
8189975 0.208738
8198869 0.209709
8199042 0.210680
8215508 0.211650
8227595 0.212621
8235133 0.213592
8240016 0.214563
8272278 0.215534
8310272 0.216505
8378307 0.217476
8398079 0.218447
8435778 0.219417
8450643 0.220388
8460959 0.221359
8465615 0.222330
8480270 0.223301
8517226 0.224272
8606494 0.225243
8646315 0.226214
8684672 0.227184
8700255 0.228155
8763391 0.229126
8771766 0.230097
8772218 0.231068
8786727 0.232039
8794089 0.233010
8806125 0.233981
8809503 0.234951
8816191 0.235922
8860410 0.236893
8862808 0.237864
8918799 0.238835
8934265 0.239806
8960281 0.240777
9000603 0.241748
9034556 0.242718
9067409 0.243689
9069357 0.244660
9080190 0.245631
9093149 0.246602
9126576 0.247573
9127128 0.248544
9157899 0.249515
9169900 0.250485
9176954 0.251456
9195584 0.252427
9218531 0.253398
9318947 0.254369
9329763 0.255340
9359627 0.256311
9419558 0.257282
9463817 0.258252
9485190 0.259223
9485190 0.260194
9521366 0.261165
9560530 0.262136
9566717 0.263107
9630619 0.264078
9660210 0.265049
9673401 0.266019
9674575 0.266990
9686532 0.267961
9691003 0.268932
9725735 0.269903
9734141 0.270874
9743905 0.271845
9746996 0.272816
9774831 0.273786
9801378 0.274757
9827916 0.275728
9833130 0.276699
9833995 0.277670
9836829 0.278641
9838911 0.279612
9854577 0.280583
9856890 0.281553
9857488 0.282524
9932175 0.283495
9972225 0.284466
10001628 0.285437
10024002 0.286408
10024070 0.287379
10041376 0.288350
10049803 0.289320
10051819 0.290291
10064341 0.291262
10067976 0.292233
10071917 0.293204
10086741 0.294175
10115091 0.295146
10116873 0.296117
10124635 0.297087
10126874 0.298058
10143530 0.299029
10164778 0.300000
10168944 0.300971
10172305 0.301942
10176816 0.302913
10217161 0.303883
10219057 0.304854
10222494 0.305825
10249670 0.306796
10315666 0.307767
10320661 0.308738
10325973 0.309709
10330119 0.310680
10347959 0.311650
10367175 0.312621
10490484 0.313592
10513405 0.314563
10524423 0.315534
10545528 0.316505
10581656 0.317476
10584320 0.318447
10605315 0.319417
10636633 0.320388
10651375 0.321359
10655112 0.322330
10683753 0.323301
10724316 0.324272
10737992 0.325243
10762309 0.326214
10836840 0.327184
10897567 0.328155
10925475 0.329126
10966886 0.330097
10992248 0.331068
11018448 0.332039
11021656 0.333010
11025405 0.333981
11059371 0.334951
11060854 0.335922
11066390 0.336893
11075182 0.337864
11082476 0.338835
11131553 0.339806
11230776 0.340777
11316213 0.341748
11321660 0.342718
11369296 0.343689
11527191 0.344660
11531717 0.345631
11548277 0.346602
11618604 0.347573
11639993 0.348544
11666527 0.349515
11671696 0.350485
11671696 0.351456
11698710 0.352427
11714824 0.353398
11739741 0.354369
11824833 0.355340
11832239 0.356311
11916644 0.357282
12000220 0.358252
12038614 0.359223
12130275 0.360194
12212781 0.361165
12248775 0.362136
12258676 0.363107
12273535 0.364078
12278490 0.365049
12294274 0.366019
12309657 0.366990
12313203 0.367961
12325858 0.368932
12345123 0.369903
12457536 0.370874
12609973 0.371845
12638456 0.372816
12669617 0.373786
12718446 0.374757
12723464 0.375728
12728319 0.376699
12753769 0.377670
12860056 0.378641
12885426 0.379612
12942348 0.380583
12963696 0.381553
12964775 0.382524
12971870 0.383495
13044917 0.384466
13057862 0.385437
13150756 0.386408
13150756 0.387379
13181213 0.388350
13186467 0.389320
13233939 0.390291
13236275 0.391262
13243888 0.392233
13247387 0.393204
13336935 0.394175
13351357 0.395146
13352188 0.396117
13413610 0.397087
13424311 0.398058
13429153 0.399029
13480999 0.400000
13494809 0.400971
13512201 0.401942
13574655 0.402913
13636822 0.403883
13637253 0.404854
13704747 0.405825
13706458 0.406796
13768128 0.407767
13771737 0.408738
13789126 0.409709
13883814 0.410680
13884447 0.411650
13889061 0.412621
14022284 0.413592
14069463 0.414563
14130984 0.415534
14185801 0.416505
14191128 0.417476
14196390 0.418447
14207082 0.419417
14318961 0.420388
14378203 0.421359
14415765 0.422330
14437250 0.423301
14615120 0.424272
14724301 0.425243
14788635 0.426214
14819945 0.427184
14825310 0.428155
14859426 0.429126
14985075 0.430097
15012460 0.431068
15017745 0.432039
15039870 0.433010
15043225 0.433981
15161260 0.434951
15196239 0.435922
15337491 0.436893
15344364 0.437864
15451695 0.438835
15607549 0.439806
15621255 0.440777
15716421 0.441748
15721592 0.442718
15722028 0.443689
15753217 0.444660
15761304 0.445631
15772536 0.446602
15776625 0.447573
15862528 0.448544
15870188 0.449515
15873742 0.450485
15873795 0.451456
15899014 0.452427
16043280 0.453398
16196586 0.454369
16212128 0.455340
16221731 0.456311
16367681 0.457282
16396401 0.458252
16503043 0.459223
16520356 0.460194
16523325 0.461165
16537651 0.462136
16557227 0.463107
16614730 0.464078
16660878 0.465049
16668207 0.466019
16697926 0.466990
16720767 0.467961
16777605 0.468932
16787743 0.469903
16835000 0.470874
16863528 0.471845
16892578 0.472816
16950743 0.473786
17038203 0.474757
17186661 0.475728
17366671 0.476699
17396151 0.477670
17425620 0.478641
17426439 0.479612
17483300 0.480583
17499470 0.481553
17587992 0.482524
17609145 0.483495
17668399 0.484466
17775693 0.485437
17823435 0.486408
17883189 0.487379
18036747 0.488350
18043993 0.489320
18213602 0.490291
18320553 0.491262
18541005 0.492233
18547095 0.493204
18614151 0.494175
18757094 0.495146
18816039 0.496117
18816045 0.497087
18822180 0.498058
18846730 0.499029
18969720 0.500000
19033965 0.500971
19037534 0.501942
19101628 0.502913
19117836 0.503883
19161145 0.504854
19192110 0.505825
19197154 0.506796
19235453 0.507767
19304816 0.508738
19372199 0.509709
19378425 0.510680
19521876 0.511650
19550905 0.512621
19665853 0.513592
19677737 0.514563
19728620 0.515534
19742892 0.516505
19873360 0.517476
19904844 0.518447
19935000 0.519417
19977955 0.520388
20100941 0.521359
20221620 0.522330
20234341 0.523301
20378794 0.524272
20419142 0.525243
20425383 0.526214
20502406 0.527184
20562212 0.528155
20564520 0.529126
20630676 0.530097
20785128 0.531068
20946628 0.532039
20998439 0.533010
21150180 0.533981
21169629 0.534951
21206328 0.535922
21340766 0.536893
21369453 0.537864
21469719 0.538835
21559461 0.539806
21671236 0.540777
21690013 0.541748
21776700 0.542718
21783209 0.543689
21855900 0.544660
21875491 0.545631
21882420 0.546602
21927304 0.547573
21928753 0.548544
22001288 0.549515
22048120 0.550485
22081335 0.551456
22107925 0.552427
22122623 0.553398
22247785 0.554369
22327903 0.555340
22341270 0.556311
22361292 0.557282
22397049 0.558252
22440685 0.559223
22501700 0.560194
22546402 0.561165
22562403 0.562136
22571231 0.563107
22582560 0.564078
22608750 0.565049
22805994 0.566019
22885995 0.566990
22980810 0.567961
23071681 0.568932
23089410 0.569903
23109801 0.570874
23209918 0.571845
23254687 0.572816
23300551 0.573786
23498939 0.574757
23551396 0.575728
23655392 0.576699
23663951 0.577670
23693281 0.578641
23711941 0.579612
23732138 0.580583
23819815 0.581553
24277110 0.582524
24482503 0.583495
24531052 0.584466
24735061 0.585437
24826792 0.586408
24861826 0.587379
24970051 0.588350
25110008 0.589320
25116325 0.590291
25258278 0.591262
25758252 0.592233
25829340 0.593204
25873221 0.594175
25921382 0.595146
25997595 0.596117
26010078 0.597087
26038936 0.598058
26089476 0.599029
26424406 0.600000
26575695 0.600971
26683283 0.601942
26699777 0.602913
27095424 0.603883
27163308 0.604854
27190104 0.605825
27258036 0.606796
27376297 0.607767
27764037 0.608738
28136251 0.609709
28222546 0.610680
28462023 0.611650
28489926 0.612621
28858714 0.613592
28891400 0.614563
29099282 0.615534
29219054 0.616505
29379939 0.617476
29454369 0.618447
29545785 0.619417
29648850 0.620388
29702778 0.621359
29796840 0.622330
29841261 0.623301
29872585 0.624272
30066135 0.625243
30093640 0.626214
30112651 0.627184
30159261 0.628155
30198106 0.629126
30268090 0.630097
30526831 0.631068
30689694 0.632039
30728880 0.633010
30845738 0.633981
31075004 0.634951
31343403 0.635922
31421352 0.636893
31478145 0.637864
31844425 0.638835
31932036 0.639806
32044014 0.640777
32252493 0.641748
32397225 0.642718
32618129 0.643689
32790943 0.644660
33085045 0.645631
33117591 0.646602
33419400 0.647573
33488672 0.648544
33714366 0.649515
33722301 0.650485
33747220 0.651456
34123298 0.652427
34241049 0.653398
34250226 0.654369
34308185 0.655340
34341328 0.656311
34554286 0.657282
34632003 0.658252
34681956 0.659223
34731945 0.660194
34832031 0.661165
34990795 0.662136
35005646 0.663107
35278495 0.664078
35511378 0.665049
35713926 0.666019
35830436 0.666990
35950945 0.667961
36205795 0.668932
36666766 0.669903
37157677 0.670874
37178941 0.671845
37372335 0.672816
37918986 0.673786
37979970 0.674757
38198197 0.675728
38226111 0.676699
38565345 0.677670
38586177 0.678641
38645236 0.679612
38759609 0.680583
38836340 0.681553
38892209 0.682524
38969553 0.683495
38988865 0.684466
39059541 0.685437
39268804 0.686408
39725241 0.687379
39953925 0.688350
40180809 0.689320
40189648 0.690291
40208027 0.691262
40208027 0.692233
40297753 0.693204
40432528 0.694175
40477497 0.695146
40603566 0.696117
40711776 0.697087
40991984 0.698058
41019153 0.699029
41028211 0.700000
41221584 0.700971
41455065 0.701942
41523907 0.702913
41838378 0.703883
42076551 0.704854
42232645 0.705825
42462720 0.706796
42481153 0.707767
42592068 0.708738
42989514 0.709709
43231051 0.710680
43678531 0.711650
43927937 0.712621
43937661 0.713592
44203503 0.714563
44380375 0.715534
44410600 0.716505
45028030 0.717476
45120250 0.718447
45443811 0.719417
45720532 0.720388
45854676 0.721359
46151185 0.722330
46296253 0.723301
46334751 0.724272
46527481 0.725243
46720611 0.726214
46755086 0.727184
46865370 0.728155
47487385 0.729126
47601004 0.730097
48172020 0.731068
48329196 0.732039
48487830 0.733010
48783225 0.733981
48970356 0.734951
49536080 0.735922
49575903 0.736893
49655894 0.737864
49944064 0.738835
50126128 0.739806
50506274 0.740777
50616891 0.741748
50696173 0.742718
51525397 0.743689
51866273 0.744660
51882391 0.745631
51882391 0.746602
51882391 0.747573
51912289 0.748544
52086321 0.749515
52762128 0.750485
52900254 0.751456
54227721 0.752427
54466287 0.753398
54543784 0.754369
54648285 0.755340
54931913 0.756311
54962364 0.757282
55056771 0.758252
55329835 0.759223
55399777 0.760194
56546295 0.761165
56556930 0.762136
56588841 0.763107
56897778 0.764078
57668875 0.765049
59118100 0.766019
59203521 0.766990
59464965 0.767961
60066280 0.768932
60291555 0.769903
60329620 0.770874
60373560 0.771845
60659605 0.772816
60736731 0.773786
60934929 0.774757
61203024 0.775728
61356181 0.776699
62177907 0.777670
62356528 0.778641
62568891 0.779612
62580078 0.780583
64308939 0.781553
64712376 0.782524
64814777 0.783495
64826191 0.784466
64871745 0.785437
66165256 0.786408
66407050 0.787379
66636690 0.788350
68030280 0.789320
69084135 0.790291
69390090 0.791262
69390090 0.792233
69615821 0.793204
70690806 0.794175
71204211 0.795146
71407225 0.796117
71838091 0.797087
72607275 0.798058
73999680 0.799029
74316335 0.800000
74988381 0.800971
74988381 0.801942
75172191 0.802913
75366290 0.803883
75675753 0.804854
75958975 0.805825
76227307 0.806796
76601250 0.807767
77582195 0.808738
77831526 0.809709
79323310 0.810680
79954335 0.811650
80321472 0.812621
80625950 0.813592
80956450 0.814563
81274013 0.815534
81466230 0.816505
81643271 0.817476
81713930 0.818447
82452057 0.819417
82876369 0.820388
83100516 0.821359
83598914 0.822330
85027320 0.823301
85275270 0.824272
85890171 0.825243
86480976 0.826214
86559902 0.827184
87007836 0.828155
87219007 0.829126
91091253 0.830097
91415481 0.831068
93194607 0.832039
94235856 0.833010
94562813 0.833981
94716966 0.834951
95020004 0.835922
97015485 0.836893
97587435 0.837864
99936179 0.838835
100000000 0.839806
100000000 0.840777
100000000 0.841748
100000000 0.842718
100000000 0.843689
100000000 0.844660
100000000 0.845631
100000000 0.846602
100000000 0.847573
100000000 0.848544
100000000 0.849515
100000000 0.850485
100000000 0.851456
100000000 0.852427
100000000 0.853398
100000000 0.854369
100000000 0.855340
100000000 0.856311
100000000 0.857282
100000000 0.858252
100000000 0.859223
100000000 0.860194
100000000 0.861165
100000000 0.862136
100000000 0.863107
100000000 0.864078
100000000 0.865049
100000000 0.866019
100000000 0.866990
100000000 0.867961
100000000 0.868932
100000000 0.869903
100000000 0.870874
100000000 0.871845
100000000 0.872816
100000000 0.873786
100000000 0.874757
100000000 0.875728
100000000 0.876699
100000000 0.877670
100000000 0.878641
100000000 0.879612
100000000 0.880583
100000000 0.881553
100000000 0.882524
100000000 0.883495
100000000 0.884466
100000000 0.885437
100000000 0.886408
100000000 0.887379
100000000 0.888350
100000000 0.889320
100000000 0.890291
100000000 0.891262
100000000 0.892233
100000000 0.893204
100000000 0.894175
100000000 0.895146
100000000 0.896117
100000000 0.897087
100000000 0.898058
100000000 0.899029
100000000 0.900000
100000000 0.900971
100000000 0.901942
100000000 0.902913
100000000 0.903883
100000000 0.904854
100000000 0.905825
100000000 0.906796
100000000 0.907767
100000000 0.908738
100000000 0.909709
100000000 0.910680
100000000 0.911650
100000000 0.912621
100000000 0.913592
100000000 0.914563
100000000 0.915534
100000000 0.916505
100000000 0.917476
100000000 0.918447
100000000 0.919417
100000000 0.920388
100000000 0.921359
100000000 0.922330
100000000 0.923301
100000000 0.924272
100000000 0.925243
100000000 0.926214
100000000 0.927184
100000000 0.928155
100000000 0.929126
100000000 0.930097
100000000 0.931068
100000000 0.932039
100000000 0.933010
100000000 0.933981
100000000 0.934951
100000000 0.935922
100000000 0.936893
100000000 0.937864
100000000 0.938835
100000000 0.939806
100000000 0.940777
100000000 0.941748
100000000 0.942718
100000000 0.943689
100000000 0.944660
100000000 0.945631
100000000 0.946602
100000000 0.947573
100000000 0.948544
100000000 0.949515
100000000 0.950485
100000000 0.951456
100000000 0.952427
100000000 0.953398
100000000 0.954369
100000000 0.955340
100000000 0.956311
100000000 0.957282
100000000 0.958252
100000000 0.959223
100000000 0.960194
100000000 0.961165
100000000 0.962136
100000000 0.963107
100000000 0.964078
100000000 0.965049
100000000 0.966019
100000000 0.966990
100000000 0.967961
100000000 0.968932
100000000 0.969903
100000000 0.970874
100000000 0.971845
100000000 0.972816
100000000 0.973786
100000000 0.974757
100000000 0.975728
100000000 0.976699
100000000 0.977670
100000000 0.978641
100000000 0.979612
100000000 0.980583
100000000 0.981553
100000000 0.982524
100000000 0.983495
100000000 0.984466
100000000 0.985437
100000000 0.986408
100000000 0.987379
100000000 0.988350
100000000 0.989320
100000000 0.990291
100000000 0.991262
100000000 0.992233
100000000 0.993204
100000000 0.994175
100000000 0.995146
100000000 0.996117
100000000 0.997087
100000000 0.998058
100000000 0.999029
100000000 1.000000
